<?xml version="1.0" encoding="UTF-8"?>
<!-- Generated by org.testng.reporters.JUnitReportReporter -->
<testsuite hostname="DESKTOP-40TRC32" failures="0" tests="1" name="Automation.Spotify.Api" time="6.525" errors="0" timestamp="2022-11-22T12:28:13 IST" skipped="0">
  <testcase classname="Automation.Spotify.Api" name="getUserProfile" time="6.525"/>
  <system-out/>
</testsuite> <!-- Automation.Spotify.Api -->
